nohup: ignoring input
	Convolutional layer with kernel size 3, input channel 256, output channel 256.
conv forward raw time: 4882.184982 ms
conv backward raw time: 12369.554043 ms
	Convolutional layer with kernel size 3, input channel 256, output channel 256.
conv forward speedup time: 27.439833 ms
conv backward speedup time: 29.059887 ms
SPEEDUP CONV TEST PASS.
CONV FORWARD SPEEDUP RATIO: 177.923278
CONV BACKWARD SPEEDUP RATIO: 425.657336
-------------------------
Building vgg-19 model...
	Convolutional layer with kernel size 3, input channel 3, output channel 64.
	ReLU layer.
	Convolutional layer with kernel size 3, input channel 64, output channel 64.
	ReLU layer.
	Max pooling layer with kernel size 2, stride 2.
	Convolutional layer with kernel size 3, input channel 64, output channel 128.
	ReLU layer.
	Convolutional layer with kernel size 3, input channel 128, output channel 128.
	ReLU layer.
	Max pooling layer with kernel size 2, stride 2.
	Convolutional layer with kernel size 3, input channel 128, output channel 256.
	ReLU layer.
	Convolutional layer with kernel size 3, input channel 256, output channel 256.
	ReLU layer.
	Convolutional layer with kernel size 3, input channel 256, output channel 256.
	ReLU layer.
	Convolutional layer with kernel size 3, input channel 256, output channel 256.
	ReLU layer.
	Max pooling layer with kernel size 2, stride 2.
	Convolutional layer with kernel size 3, input channel 256, output channel 512.
	ReLU layer.
	Convolutional layer with kernel size 3, input channel 512, output channel 512.
	ReLU layer.
	Convolutional layer with kernel size 3, input channel 512, output channel 512.
	ReLU layer.
	Convolutional layer with kernel size 3, input channel 512, output channel 512.
	ReLU layer.
	Max pooling layer with kernel size 2, stride 2.
	Convolutional layer with kernel size 3, input channel 512, output channel 512.
	ReLU layer.
	Convolutional layer with kernel size 3, input channel 512, output channel 512.
	ReLU layer.
	Convolutional layer with kernel size 3, input channel 512, output channel 512.
	ReLU layer.
	Convolutional layer with kernel size 3, input channel 512, output channel 512.
	ReLU layer.
	Max pooling layer with kernel size 2, stride 2.
Initializing parameters of each layer in vgg-19...
Loading parameters from file ../imagenet-vgg-verydeep-19.mat
Get image mean: [123.68  116.779 103.939]
	Content loss layer.
	Style loss layer.
Loading and preprocessing image from ../weinisi.jpg
('input image shape : ', (1, 3, 192, 320))
Loading and preprocessing image from ../style.jpg
('input image shape : ', (1, 3, 192, 320))
('Step 0, loss = 2459784674603.376465', array([104934.90679584]), array([1.22444334e+05, 6.48988583e+07, 9.85640777e+07, 2.44298483e+10,
       4.41198667e+06]))
cost time: 37.576940
('Step 20, loss = 269163464467.727570', array([174335.42929304]), array([9.44558464e+04, 2.44451232e+07, 2.93998910e+07, 2.63471163e+09,
       2.98180541e+06]))
cost time: 751.209446
('Step 40, loss = 114211778849.147079', array([203166.17829827]), array([8.67186621e+04, 1.69246400e+07, 1.99729394e+07, 1.10282090e+09,
       2.31055627e+06]))
cost time: 749.446861
('Step 60, loss = 70519204074.158447', array([222526.80419782]), array([8.32877152e+04, 1.42112611e+07, 1.65393130e+07, 6.72334098e+08,
       2.02185539e+06]))
cost time: 750.833401
('Step 80, loss = 51642319222.642685', array([237364.3601647]), array([8.12136452e+04, 1.28613002e+07, 1.47474479e+07, 4.86878888e+08,
       1.85196901e+06]))
cost time: 748.438534
('Step 100, loss = 41217962374.867424', array([247976.2598243]), array([7.96700722e+04, 1.19242682e+07, 1.35571864e+07, 3.84897635e+08,
       1.71838379e+06]))
cost time: 747.356148
('Step 120, loss = 34519850991.163864', array([256615.04892617]), array([7.83810864e+04, 1.11905527e+07, 1.26619144e+07, 3.19651950e+08,
       1.61314563e+06]))
cost time: 749.784629
('Step 140, loss = 29767425597.911793', array([264150.67706501]), array([7.72269686e+04, 1.05661279e+07, 1.19074547e+07, 2.73586236e+08,
       1.53456909e+06]))
cost time: 747.562689
('Step 160, loss = 26178745168.919540', array([270743.74121423]), array([7.61727395e+04, 1.00285835e+07, 1.12535393e+07, 2.38956009e+08,
       1.47044014e+06]))
cost time: 747.643543
('Step 180, loss = 23331820255.227310', array([276583.67652623]), array([7.51818484e+04, 9.55447280e+06, 1.06797535e+07, 2.11584206e+08,
       1.42182244e+06]))
cost time: 747.075070
('Step 200, loss = 21035437302.871590', array([281797.92023559]), array([7.42606998e+04, 9.13100039e+06, 1.01864973e+07, 1.89576503e+08,
       1.38329373e+06]))
cost time: 746.595581
('Step 220, loss = 19153018021.858913', array([286440.75762524]), array([7.34102223e+04, 8.75490223e+06, 9.76753356e+06, 1.71587745e+08,
       1.34372493e+06]))
cost time: 746.804390
('Step 240, loss = 17598112207.078167', array([290577.49932358]), array([7.26197475e+04, 8.41847494e+06, 9.40021110e+06, 1.56778987e+08,
       1.30792364e+06]))
cost time: 752.471658
('Step 260, loss = 16282474204.295454', array([294310.46283295]), array([7.18715526e+04, 8.11081458e+06, 9.05842440e+06, 1.44304871e+08,
       1.27581710e+06]))
cost time: 745.433801
('Step 280, loss = 15145642697.869373', array([297744.0352897]), array([7.11651350e+04, 7.83169634e+06, 8.74781947e+06, 1.33555753e+08,
       1.24701561e+06]))
cost time: 746.403210
('Step 300, loss = 14158157773.616873', array([300924.47928381]), array([7.04888450e+04, 7.57364003e+06, 8.46059437e+06, 1.24254092e+08,
       1.21975369e+06]))
cost time: 745.170241
('Step 320, loss = 13303172621.205635', array([303763.8713765]), array([6.98365126e+04, 7.33439876e+06, 8.19095727e+06, 1.16240432e+08,
       1.19306401e+06]))
cost time: 745.766018
('Step 340, loss = 12555237980.554800', array([306451.0048471]), array([6.92156210e+04, 7.11377570e+06, 7.93824368e+06, 1.09258257e+08,
       1.16982371e+06]))
cost time: 744.871344
('Step 360, loss = 11895208000.891916', array([308942.96693125]), array([6.86223110e+04, 6.90881231e+06, 7.70481677e+06, 1.03115955e+08,
       1.15078371e+06]))
cost time: 745.470716
('Step 380, loss = 11304598785.263794', array([311265.40211702]), array([6.80482643e+04, 6.71842720e+06, 7.48201550e+06, 9.76404929e+07,
       1.13389137e+06]))
cost time: 745.869383
('Step 400, loss = 10774642251.841860', array([313482.52495781]), array([6.74984594e+04, 6.54418107e+06, 7.26387126e+06, 9.27498548e+07,
       1.11788214e+06]))
cost time: 745.722998
('Step 420, loss = 10299440359.097151', array([315531.60427166]), array([6.69728513e+04, 6.38277876e+06, 7.05926350e+06, 8.83793987e+07,
       1.10283450e+06]))
cost time: 747.782307
('Step 440, loss = 9872995690.020592', array([317497.11054913]), array([6.64656823e+04, 6.23182924e+06, 6.86788617e+06, 8.44702778e+07,
       1.09032303e+06]))
cost time: 777.899644
('Step 460, loss = 9488329251.885595', array([319404.88601126]), array([6.59774868e+04, 6.09102335e+06, 6.68892259e+06, 8.09568591e+07,
       1.07731598e+06]))
cost time: 758.903220
('Step 480, loss = 9137003945.301121', array([321188.21939508]), array([6.55050293e+04, 5.95673579e+06, 6.51369982e+06, 7.77660835e+07,
       1.06480347e+06]))
cost time: 747.976380
('Step 500, loss = 8811991162.910116', array([322873.39083525]), array([6.50423959e+04, 5.82860746e+06, 6.34318559e+06, 7.48269042e+07,
       1.05294325e+06]))
cost time: 747.288299
('Step 520, loss = 8514358482.896695', array([324489.06377322]), array([6.45917879e+04, 5.70780432e+06, 6.17965708e+06, 7.21466432e+07,
       1.04164354e+06]))
cost time: 746.584592
('Step 540, loss = 8239910959.700505', array([325989.97789884]), array([6.41504901e+04, 5.59305031e+06, 6.02192355e+06, 6.96862714e+07,
       1.03045395e+06]))
cost time: 746.939102
('Step 560, loss = 7984149828.945826', array([327397.85875169]), array([6.37200429e+04, 5.48293296e+06, 5.86875952e+06, 6.74031380e+07,
       1.01967376e+06]))
cost time: 754.687692
('Step 580, loss = 7744774428.970069', array([328704.39874582]), array([6.33005157e+04, 5.37904956e+06, 5.72059615e+06, 6.52720095e+07,
       1.00950152e+06]))
cost time: 747.212329
('Step 600, loss = 7519491815.662736', array([329962.01044763]), array([6.28903427e+04, 5.27997994e+06, 5.57905025e+06, 6.32693230e+07,
       1.00037496e+06]))
cost time: 757.440790
('Step 620, loss = 7306968147.067154', array([331215.47698187]), array([   62489.27471434,  5184828.85636991,  5445228.69579747,
       61381215.90676614,   992606.58225384]))
cost time: 788.044291
('Step 640, loss = 7106414158.497026', array([332410.93379663]), array([   62096.42082885,  5093629.85402641,  5315950.71540456,
       59604197.75477724,   984942.73059525]))
cost time: 746.437639
('Step 660, loss = 6917089516.205420', array([333536.09854728]), array([   61710.07701372,  5005506.85312117,  5192063.14105761,
       57930481.0225073 ,   977798.70736895]))
cost time: 752.218455
('Step 680, loss = 6738752904.694942', array([334627.84666823]), array([   61330.59940089,  4921448.99481275,  5072458.07978902,
       56358511.211006  ,   970433.88347408]))
cost time: 746.434765
('Step 700, loss = 6570448453.950691', array([335645.28078347]), array([   60958.35004591,  4840743.1833625 ,  4955997.03593517,
       54879732.90178278,   963696.61557271]))
cost time: 746.296959
('Step 720, loss = 6412781878.627073', array([336618.11455925]), array([   60592.45523016,  4762657.26888427,  4843567.90359398,
       53499608.63520823,   958026.34220851]))
cost time: 746.553626
('Step 740, loss = 6263526589.940371', array([337593.3315729]), array([   60233.99808231,  4687886.49562439,  4735695.6455741 ,
       52195411.22997837,   952662.59682881]))
cost time: 757.428928
('Step 760, loss = 6121494012.898529', array([338565.86363397]), array([   59885.60388545,  4616754.81692564,  4630133.12614065,
       50957212.56572422,   947568.357673  ]))
cost time: 783.527425
('Step 780, loss = 5987557957.750257', array([339466.83233946]), array([   59544.40425467,  4548143.97973015,  4528276.7083739 ,
       49793446.92106525,   942772.89575519]))
cost time: 748.255928
('Step 800, loss = 5860797969.153778', array([340338.28936398]), array([   59209.36378866,  4481901.84426681,  4429505.18045887,
       48695395.42519464,   938564.49493515]))
cost time: 745.702735
('Step 820, loss = 5739790156.686998', array([341188.73811807]), array([   58881.46523785,  4418674.02659792,  4333863.89032282,
       47648655.59611523,   934414.70121498]))
cost time: 746.945119
('Step 840, loss = 5624552338.434039', array([342001.38118604]), array([   58556.16659766,  4357476.22285843,  4241992.09777141,
       46653841.61155736,   930237.27174366]))
cost time: 747.161547
('Step 860, loss = 5514411137.427164', array([342774.89481889]), array([   58236.95798347,  4298175.83328209,  4153959.37141959,
       45704210.00316924,   926101.45946905]))
cost time: 775.159757
('Step 880, loss = 5409327233.705832', array([343541.57515801]), array([   57924.53672658,  4241046.03742211,  4068024.96089617,
       44800565.24968005,   922276.13658185]))
cost time: 747.762443
('Step 900, loss = 5308850992.813861', array([344308.17396962]), array([   57618.41352223,  4186158.41594477,  3986201.1912861 ,
       43936734.97307445,   918353.85257137]))
cost time: 747.404754
('Step 920, loss = 5213253466.661658', array([345083.73433927]), array([   57317.28225005,  4132712.78758745,  3908231.23498019,
       43116287.24957424,   914535.27488125]))
cost time: 747.427978
('Step 940, loss = 5122662176.276531', array([345783.14869343]), array([   57021.97854319,  4080656.87793022,  3832063.0769244 ,
       42342228.67780752,   911193.32007306]))
cost time: 746.685527
('Step 960, loss = 5036347533.587302', array([346451.9042945]), array([   56731.16781514,  4030035.07726048,  3758114.58454258,
       41606857.86312725,   908272.12408463]))
cost time: 769.444658
('Step 980, loss = 4954225977.153044', array([347118.18536163]), array([   56443.04075512,  3980505.79133159,  3687463.4834779 ,
       40909062.08226844,   905314.19184377]))
cost time: 747.128084
